2025-06-30 17:53:21,156 - INFO - Berhasil memuat sheet Kelas
2025-06-30 17:53:21,171 - INFO - Berhasil memuat sheet matakuliah
2025-06-30 17:53:21,182 - INFO - Berhasil memuat sheet Dosen
2025-06-30 17:53:21,194 - INFO - Berhasil memuat sheet dosen_matakuliah
2025-06-30 17:53:21,205 - INFO - Berhasil memuat sheet Hari
2025-06-30 17:53:21,216 - INFO - Berhasil memuat sheet ruangan
2025-06-30 17:53:21,233 - INFO - Berhasil memuat sheet availability
2025-06-30 17:53:21,770 - INFO - Berhasil memuat sheet Kelas
2025-06-30 17:53:21,784 - INFO - Berhasil memuat sheet matakuliah
2025-06-30 17:53:21,797 - INFO - Berhasil memuat sheet Dosen
2025-06-30 17:53:21,810 - INFO - Berhasil memuat sheet dosen_matakuliah
2025-06-30 17:53:21,823 - INFO - Berhasil memuat sheet Hari
2025-06-30 17:53:21,836 - INFO - Berhasil memuat sheet ruangan
2025-06-30 17:53:21,847 - INFO - Berhasil memuat sheet availability
2025-06-30 17:53:22,753 - INFO - Berhasil memuat sheet Kelas
2025-06-30 17:53:22,773 - INFO - Berhasil memuat sheet matakuliah
2025-06-30 17:53:22,797 - INFO - Berhasil memuat sheet Dosen
2025-06-30 17:53:22,818 - INFO - Berhasil memuat sheet dosen_matakuliah
2025-06-30 17:53:22,833 - INFO - Berhasil memuat sheet Hari
2025-06-30 17:53:22,850 - INFO - Berhasil memuat sheet ruangan
2025-06-30 17:53:22,866 - INFO - Berhasil memuat sheet availability
2025-06-30 18:15:12,578 - INFO - Berhasil memuat sheet Kelas
2025-06-30 18:15:12,604 - INFO - Berhasil memuat sheet matakuliah
2025-06-30 18:15:12,618 - INFO - Berhasil memuat sheet Dosen
2025-06-30 18:15:12,630 - INFO - Berhasil memuat sheet dosen_matakuliah
2025-06-30 18:15:12,640 - INFO - Berhasil memuat sheet Hari
2025-06-30 18:15:12,651 - INFO - Berhasil memuat sheet ruangan
2025-06-30 18:15:12,660 - INFO - Berhasil memuat sheet availability
2025-06-30 18:15:13,801 - INFO - Berhasil memuat sheet Kelas
2025-06-30 18:15:13,817 - INFO - Berhasil memuat sheet matakuliah
2025-06-30 18:15:13,833 - INFO - Berhasil memuat sheet Dosen
2025-06-30 18:15:13,853 - INFO - Berhasil memuat sheet dosen_matakuliah
2025-06-30 18:15:13,864 - INFO - Berhasil memuat sheet Hari
2025-06-30 18:15:13,884 - INFO - Berhasil memuat sheet ruangan
2025-06-30 18:15:13,896 - INFO - Berhasil memuat sheet availability
2025-06-30 18:15:13,911 - INFO - Berhasil memuat sheet Kelas
2025-06-30 18:15:13,924 - INFO - Berhasil memuat sheet matakuliah
2025-06-30 18:15:13,935 - INFO - Berhasil memuat sheet Dosen
2025-06-30 18:15:13,948 - INFO - Berhasil memuat sheet dosen_matakuliah
2025-06-30 18:15:13,959 - INFO - Berhasil memuat sheet Hari
2025-06-30 18:15:13,969 - INFO - Berhasil memuat sheet ruangan
2025-06-30 18:15:13,979 - INFO - Berhasil memuat sheet availability
2025-06-30 18:17:10,887 - INFO - Berhasil memuat sheet Kelas
2025-06-30 18:17:10,913 - INFO - Berhasil memuat sheet matakuliah
2025-06-30 18:17:10,933 - INFO - Berhasil memuat sheet Dosen
2025-06-30 18:17:10,959 - INFO - Berhasil memuat sheet dosen_matakuliah
2025-06-30 18:17:10,980 - INFO - Berhasil memuat sheet Hari
2025-06-30 18:17:11,004 - INFO - Berhasil memuat sheet ruangan
2025-06-30 18:17:11,026 - INFO - Berhasil memuat sheet availability
2025-06-30 18:17:22,639 - INFO - Berhasil memuat sheet Kelas
2025-06-30 18:17:22,674 - INFO - Berhasil memuat sheet matakuliah
2025-06-30 18:17:22,703 - INFO - Berhasil memuat sheet Dosen
2025-06-30 18:17:22,727 - INFO - Berhasil memuat sheet dosen_matakuliah
2025-06-30 18:17:22,747 - INFO - Berhasil memuat sheet Hari
2025-06-30 18:17:22,769 - INFO - Berhasil memuat sheet ruangan
2025-06-30 18:17:22,789 - INFO - Berhasil memuat sheet availability
2025-06-30 18:17:32,589 - INFO - Berhasil memuat sheet Kelas
2025-06-30 18:17:32,627 - INFO - Berhasil memuat sheet matakuliah
2025-06-30 18:17:32,660 - INFO - Berhasil memuat sheet Dosen
2025-06-30 18:17:32,699 - INFO - Berhasil memuat sheet dosen_matakuliah
2025-06-30 18:17:32,732 - INFO - Berhasil memuat sheet Hari
2025-06-30 18:17:32,769 - INFO - Berhasil memuat sheet ruangan
2025-06-30 18:17:32,803 - INFO - Berhasil memuat sheet availability
2025-06-30 18:17:41,321 - INFO - Berhasil memuat sheet Kelas
2025-06-30 18:17:41,352 - INFO - Berhasil memuat sheet matakuliah
2025-06-30 18:17:41,381 - INFO - Berhasil memuat sheet Dosen
2025-06-30 18:17:41,413 - INFO - Berhasil memuat sheet dosen_matakuliah
2025-06-30 18:17:41,438 - INFO - Berhasil memuat sheet Hari
2025-06-30 18:17:41,475 - INFO - Berhasil memuat sheet ruangan
2025-06-30 18:17:41,509 - INFO - Berhasil memuat sheet availability
2025-06-30 18:17:42,024 - INFO - Berhasil memuat sheet Kelas
2025-06-30 18:17:42,062 - INFO - Berhasil memuat sheet matakuliah
2025-06-30 18:17:42,087 - INFO - Berhasil memuat sheet Dosen
2025-06-30 18:17:42,123 - INFO - Berhasil memuat sheet dosen_matakuliah
2025-06-30 18:17:42,148 - INFO - Berhasil memuat sheet Hari
2025-06-30 18:17:42,170 - INFO - Berhasil memuat sheet ruangan
2025-06-30 18:17:42,198 - INFO - Berhasil memuat sheet availability
2025-06-30 18:18:51,086 - INFO - Berhasil memuat sheet Kelas
2025-06-30 18:18:51,111 - INFO - Berhasil memuat sheet matakuliah
2025-06-30 18:18:51,131 - INFO - Berhasil memuat sheet Dosen
2025-06-30 18:18:51,155 - INFO - Berhasil memuat sheet dosen_matakuliah
2025-06-30 18:18:51,177 - INFO - Berhasil memuat sheet Hari
2025-06-30 18:18:51,199 - INFO - Berhasil memuat sheet ruangan
2025-06-30 18:18:51,226 - INFO - Berhasil memuat sheet availability
2025-06-30 18:18:51,254 - INFO - Berhasil memuat sheet Kelas
2025-06-30 18:18:51,287 - INFO - Berhasil memuat sheet matakuliah
2025-06-30 18:18:51,322 - INFO - Berhasil memuat sheet Dosen
2025-06-30 18:18:51,355 - INFO - Berhasil memuat sheet dosen_matakuliah
2025-06-30 18:18:51,379 - INFO - Berhasil memuat sheet Hari
2025-06-30 18:18:51,402 - INFO - Berhasil memuat sheet ruangan
2025-06-30 18:18:51,423 - INFO - Berhasil memuat sheet availability
2025-06-30 18:33:49,569 - INFO - Berhasil memuat sheet Kelas
2025-06-30 18:33:49,584 - INFO - Berhasil memuat sheet matakuliah
2025-06-30 18:33:49,596 - INFO - Berhasil memuat sheet Dosen
2025-06-30 18:33:49,608 - INFO - Berhasil memuat sheet dosen_matakuliah
2025-06-30 18:33:49,619 - INFO - Berhasil memuat sheet Hari
2025-06-30 18:33:49,630 - INFO - Berhasil memuat sheet ruangan
2025-06-30 18:33:49,640 - INFO - Berhasil memuat sheet availability
2025-06-30 18:33:50,557 - INFO - Berhasil memuat sheet Kelas
2025-06-30 18:33:50,573 - INFO - Berhasil memuat sheet matakuliah
2025-06-30 18:33:50,587 - INFO - Berhasil memuat sheet Dosen
2025-06-30 18:33:50,600 - INFO - Berhasil memuat sheet dosen_matakuliah
2025-06-30 18:33:50,611 - INFO - Berhasil memuat sheet Hari
2025-06-30 18:33:50,622 - INFO - Berhasil memuat sheet ruangan
2025-06-30 18:33:50,632 - INFO - Berhasil memuat sheet availability
2025-06-30 18:33:50,647 - INFO - Berhasil memuat sheet Kelas
2025-06-30 18:33:50,659 - INFO - Berhasil memuat sheet matakuliah
2025-06-30 18:33:50,671 - INFO - Berhasil memuat sheet Dosen
2025-06-30 18:33:50,683 - INFO - Berhasil memuat sheet dosen_matakuliah
2025-06-30 18:33:50,695 - INFO - Berhasil memuat sheet Hari
2025-06-30 18:33:50,707 - INFO - Berhasil memuat sheet ruangan
2025-06-30 18:33:50,724 - INFO - Berhasil memuat sheet availability
2025-06-30 18:34:13,862 - INFO - Berhasil memuat sheet Kelas
2025-06-30 18:34:13,894 - INFO - Berhasil memuat sheet matakuliah
2025-06-30 18:34:13,911 - INFO - Berhasil memuat sheet Dosen
2025-06-30 18:34:13,929 - INFO - Berhasil memuat sheet dosen_matakuliah
2025-06-30 18:34:13,951 - INFO - Berhasil memuat sheet Hari
2025-06-30 18:34:13,974 - INFO - Berhasil memuat sheet ruangan
2025-06-30 18:34:13,991 - INFO - Berhasil memuat sheet availability
2025-06-30 18:34:20,230 - INFO - Berhasil memuat sheet Kelas
2025-06-30 18:34:20,248 - INFO - Berhasil memuat sheet matakuliah
2025-06-30 18:34:20,265 - INFO - Berhasil memuat sheet Dosen
2025-06-30 18:34:20,277 - INFO - Berhasil memuat sheet dosen_matakuliah
2025-06-30 18:34:20,289 - INFO - Berhasil memuat sheet Hari
2025-06-30 18:34:20,308 - INFO - Berhasil memuat sheet ruangan
2025-06-30 18:34:20,333 - INFO - Berhasil memuat sheet availability
2025-06-30 18:34:24,440 - INFO - Berhasil memuat sheet Kelas
2025-06-30 18:34:24,460 - INFO - Berhasil memuat sheet matakuliah
2025-06-30 18:34:24,476 - INFO - Berhasil memuat sheet Dosen
2025-06-30 18:34:24,492 - INFO - Berhasil memuat sheet dosen_matakuliah
2025-06-30 18:34:24,506 - INFO - Berhasil memuat sheet Hari
2025-06-30 18:34:24,525 - INFO - Berhasil memuat sheet ruangan
2025-06-30 18:34:24,546 - INFO - Berhasil memuat sheet availability
2025-06-30 18:34:27,605 - INFO - Berhasil memuat sheet Kelas
2025-06-30 18:34:27,622 - INFO - Berhasil memuat sheet matakuliah
2025-06-30 18:34:27,645 - INFO - Berhasil memuat sheet Dosen
2025-06-30 18:34:27,663 - INFO - Berhasil memuat sheet dosen_matakuliah
2025-06-30 18:34:27,675 - INFO - Berhasil memuat sheet Hari
2025-06-30 18:34:27,688 - INFO - Berhasil memuat sheet ruangan
2025-06-30 18:34:27,703 - INFO - Berhasil memuat sheet availability
2025-06-30 18:34:40,857 - INFO - Berhasil memuat sheet Kelas
2025-06-30 18:34:40,875 - INFO - Berhasil memuat sheet matakuliah
2025-06-30 18:34:40,887 - INFO - Berhasil memuat sheet Dosen
2025-06-30 18:34:40,900 - INFO - Berhasil memuat sheet dosen_matakuliah
2025-06-30 18:34:40,910 - INFO - Berhasil memuat sheet Hari
2025-06-30 18:34:40,922 - INFO - Berhasil memuat sheet ruangan
2025-06-30 18:34:40,932 - INFO - Berhasil memuat sheet availability
2025-06-30 18:34:40,946 - INFO - Berhasil memuat sheet Kelas
2025-06-30 18:34:40,959 - INFO - Berhasil memuat sheet matakuliah
2025-06-30 18:34:40,970 - INFO - Berhasil memuat sheet Dosen
2025-06-30 18:34:40,986 - INFO - Berhasil memuat sheet dosen_matakuliah
2025-06-30 18:34:40,997 - INFO - Berhasil memuat sheet Hari
2025-06-30 18:34:41,012 - INFO - Berhasil memuat sheet ruangan
2025-06-30 18:34:41,034 - INFO - Berhasil memuat sheet availability
2025-06-30 18:34:56,734 - INFO - Berhasil memuat sheet Kelas
2025-06-30 18:34:56,754 - INFO - Berhasil memuat sheet matakuliah
2025-06-30 18:34:56,769 - INFO - Berhasil memuat sheet Dosen
2025-06-30 18:34:56,783 - INFO - Berhasil memuat sheet dosen_matakuliah
2025-06-30 18:34:56,794 - INFO - Berhasil memuat sheet Hari
2025-06-30 18:34:56,810 - INFO - Berhasil memuat sheet ruangan
2025-06-30 18:34:56,831 - INFO - Berhasil memuat sheet availability
2025-06-30 18:35:00,288 - INFO - Berhasil memuat sheet Kelas
2025-06-30 18:35:00,305 - INFO - Berhasil memuat sheet matakuliah
2025-06-30 18:35:00,325 - INFO - Berhasil memuat sheet Dosen
2025-06-30 18:35:00,346 - INFO - Berhasil memuat sheet dosen_matakuliah
2025-06-30 18:35:00,356 - INFO - Berhasil memuat sheet Hari
2025-06-30 18:35:00,368 - INFO - Berhasil memuat sheet ruangan
2025-06-30 18:35:00,379 - INFO - Berhasil memuat sheet availability
2025-06-30 18:35:00,444 - INFO - Berhasil memuat sheet Kelas
2025-06-30 18:35:00,458 - INFO - Berhasil memuat sheet matakuliah
2025-06-30 18:35:00,471 - INFO - Berhasil memuat sheet Dosen
2025-06-30 18:35:00,485 - INFO - Berhasil memuat sheet dosen_matakuliah
2025-06-30 18:35:00,497 - INFO - Berhasil memuat sheet Hari
2025-06-30 18:35:00,510 - INFO - Berhasil memuat sheet ruangan
2025-06-30 18:35:00,521 - INFO - Berhasil memuat sheet availability
2025-06-30 18:35:01,471 - INFO - Berhasil memuat sheet Kelas
2025-06-30 18:35:01,497 - INFO - Berhasil memuat sheet matakuliah
2025-06-30 18:35:01,515 - INFO - Berhasil memuat sheet Dosen
2025-06-30 18:35:01,531 - INFO - Berhasil memuat sheet dosen_matakuliah
2025-06-30 18:35:01,541 - INFO - Berhasil memuat sheet Hari
2025-06-30 18:35:01,554 - INFO - Berhasil memuat sheet ruangan
2025-06-30 18:35:01,564 - INFO - Berhasil memuat sheet availability
2025-06-30 18:35:01,585 - INFO - Berhasil memuat sheet Kelas
2025-06-30 18:35:01,599 - INFO - Berhasil memuat sheet matakuliah
2025-06-30 18:35:01,611 - INFO - Berhasil memuat sheet Dosen
2025-06-30 18:35:01,624 - INFO - Berhasil memuat sheet dosen_matakuliah
2025-06-30 18:35:01,638 - INFO - Berhasil memuat sheet Hari
2025-06-30 18:35:01,656 - INFO - Berhasil memuat sheet ruangan
2025-06-30 18:35:01,681 - INFO - Berhasil memuat sheet availability
2025-06-30 18:44:55,893 - INFO - Berhasil memuat sheet Kelas
2025-06-30 18:44:55,930 - INFO - Berhasil memuat sheet matakuliah
2025-06-30 18:44:55,952 - INFO - Berhasil memuat sheet Dosen
2025-06-30 18:44:55,987 - INFO - Berhasil memuat sheet dosen_matakuliah
2025-06-30 18:44:56,021 - INFO - Berhasil memuat sheet Hari
2025-06-30 18:44:56,052 - INFO - Berhasil memuat sheet ruangan
2025-06-30 18:44:56,084 - INFO - Berhasil memuat sheet availability
2025-06-30 18:44:56,427 - INFO - Berhasil memuat sheet Kelas
2025-06-30 18:44:56,458 - INFO - Berhasil memuat sheet matakuliah
2025-06-30 18:44:56,505 - INFO - Berhasil memuat sheet Dosen
2025-06-30 18:44:56,545 - INFO - Berhasil memuat sheet dosen_matakuliah
2025-06-30 18:44:56,568 - INFO - Berhasil memuat sheet Hari
2025-06-30 18:44:56,602 - INFO - Berhasil memuat sheet ruangan
2025-06-30 18:44:56,626 - INFO - Berhasil memuat sheet availability
2025-06-30 18:44:56,676 - INFO - Berhasil memuat sheet Kelas
2025-06-30 18:44:56,719 - INFO - Berhasil memuat sheet matakuliah
2025-06-30 18:44:56,756 - INFO - Berhasil memuat sheet Dosen
2025-06-30 18:44:56,801 - INFO - Berhasil memuat sheet dosen_matakuliah
2025-06-30 18:44:56,823 - INFO - Berhasil memuat sheet Hari
2025-06-30 18:44:56,848 - INFO - Berhasil memuat sheet ruangan
2025-06-30 18:44:56,879 - INFO - Berhasil memuat sheet availability
2025-06-30 18:44:56,926 - INFO - Berhasil memuat sheet Kelas
2025-06-30 18:44:56,968 - INFO - Berhasil memuat sheet matakuliah
2025-06-30 18:44:57,011 - INFO - Berhasil memuat sheet Dosen
2025-06-30 18:44:57,050 - INFO - Berhasil memuat sheet dosen_matakuliah
2025-06-30 18:44:57,086 - INFO - Berhasil memuat sheet Hari
2025-06-30 18:44:57,109 - INFO - Berhasil memuat sheet ruangan
2025-06-30 18:44:57,133 - INFO - Berhasil memuat sheet availability
2025-06-30 18:44:57,169 - INFO - Berhasil memuat sheet Kelas
2025-06-30 18:44:57,195 - INFO - Berhasil memuat sheet matakuliah
2025-06-30 18:44:57,221 - INFO - Berhasil memuat sheet Dosen
2025-06-30 18:44:57,243 - INFO - Berhasil memuat sheet dosen_matakuliah
2025-06-30 18:44:57,263 - INFO - Berhasil memuat sheet Hari
2025-06-30 18:44:57,303 - INFO - Berhasil memuat sheet ruangan
2025-06-30 18:44:57,327 - INFO - Berhasil memuat sheet availability
2025-06-30 18:44:57,360 - INFO - Berhasil memuat sheet Kelas
2025-06-30 18:44:57,385 - INFO - Berhasil memuat sheet matakuliah
2025-06-30 18:44:57,415 - INFO - Berhasil memuat sheet Dosen
2025-06-30 18:44:57,437 - INFO - Berhasil memuat sheet dosen_matakuliah
2025-06-30 18:44:57,460 - INFO - Berhasil memuat sheet Hari
2025-06-30 18:44:57,481 - INFO - Berhasil memuat sheet ruangan
2025-06-30 18:44:57,499 - INFO - Berhasil memuat sheet availability
2025-06-30 18:50:23,478 - INFO - Berhasil memuat sheet Kelas
2025-06-30 18:50:23,525 - INFO - Berhasil memuat sheet matakuliah
2025-06-30 18:50:23,559 - INFO - Berhasil memuat sheet Dosen
2025-06-30 18:50:23,592 - INFO - Berhasil memuat sheet dosen_matakuliah
2025-06-30 18:50:23,615 - INFO - Berhasil memuat sheet Hari
2025-06-30 18:50:23,638 - INFO - Berhasil memuat sheet ruangan
2025-06-30 18:50:23,659 - INFO - Berhasil memuat sheet availability
2025-06-30 18:50:23,710 - INFO - Berhasil memuat sheet Kelas
2025-06-30 18:50:23,732 - INFO - Berhasil memuat sheet matakuliah
2025-06-30 18:50:23,755 - INFO - Berhasil memuat sheet Dosen
2025-06-30 18:50:23,799 - INFO - Berhasil memuat sheet dosen_matakuliah
2025-06-30 18:50:23,830 - INFO - Berhasil memuat sheet Hari
2025-06-30 18:50:23,850 - INFO - Berhasil memuat sheet ruangan
2025-06-30 18:50:23,870 - INFO - Berhasil memuat sheet availability
2025-06-30 18:50:23,894 - INFO - Berhasil memuat sheet Kelas
2025-06-30 18:50:23,933 - INFO - Berhasil memuat sheet matakuliah
2025-06-30 18:50:23,967 - INFO - Berhasil memuat sheet Dosen
2025-06-30 18:50:24,009 - INFO - Berhasil memuat sheet dosen_matakuliah
2025-06-30 18:50:24,039 - INFO - Berhasil memuat sheet Hari
2025-06-30 18:50:24,075 - INFO - Berhasil memuat sheet ruangan
2025-06-30 18:50:24,107 - INFO - Berhasil memuat sheet availability
2025-06-30 18:50:24,140 - INFO - Berhasil memuat sheet Kelas
2025-06-30 18:50:24,162 - INFO - Berhasil memuat sheet matakuliah
2025-06-30 18:50:24,193 - INFO - Berhasil memuat sheet Dosen
2025-06-30 18:50:24,223 - INFO - Berhasil memuat sheet dosen_matakuliah
2025-06-30 18:50:24,256 - INFO - Berhasil memuat sheet Hari
2025-06-30 18:50:24,282 - INFO - Berhasil memuat sheet ruangan
2025-06-30 18:50:24,304 - INFO - Berhasil memuat sheet availability
2025-06-30 18:50:24,346 - INFO - Berhasil memuat sheet Kelas
2025-06-30 18:50:24,386 - INFO - Berhasil memuat sheet matakuliah
2025-06-30 18:50:24,407 - INFO - Berhasil memuat sheet Dosen
2025-06-30 18:50:24,544 - INFO - Berhasil memuat sheet dosen_matakuliah
2025-06-30 18:50:24,616 - INFO - Berhasil memuat sheet Kelas
2025-06-30 18:50:24,627 - INFO - Berhasil memuat sheet Hari
2025-06-30 18:50:24,672 - INFO - Berhasil memuat sheet matakuliah
2025-06-30 18:50:24,705 - INFO - Berhasil memuat sheet ruangan
2025-06-30 18:50:24,751 - INFO - Berhasil memuat sheet Dosen
2025-06-30 18:50:24,802 - INFO - Berhasil memuat sheet availability
2025-06-30 18:50:25,092 - INFO - Berhasil memuat sheet dosen_matakuliah
2025-06-30 18:50:25,145 - INFO - Berhasil memuat sheet Hari
2025-06-30 18:50:25,157 - INFO - Berhasil memuat sheet Kelas
2025-06-30 18:50:25,183 - INFO - Berhasil memuat sheet ruangan
2025-06-30 18:50:25,199 - INFO - Berhasil memuat sheet matakuliah
2025-06-30 18:50:25,240 - INFO - Berhasil memuat sheet Dosen
2025-06-30 18:50:25,243 - INFO - Berhasil memuat sheet availability
2025-06-30 18:50:25,329 - INFO - Berhasil memuat sheet dosen_matakuliah
2025-06-30 18:50:25,348 - INFO - Berhasil memuat sheet Hari
2025-06-30 18:50:25,369 - INFO - Berhasil memuat sheet ruangan
2025-06-30 18:50:25,389 - INFO - Berhasil memuat sheet availability
2025-06-30 18:50:25,413 - INFO - Berhasil memuat sheet Kelas
2025-06-30 18:50:25,437 - INFO - Berhasil memuat sheet matakuliah
2025-06-30 18:50:25,458 - INFO - Berhasil memuat sheet Dosen
2025-06-30 18:50:25,482 - INFO - Berhasil memuat sheet dosen_matakuliah
2025-06-30 18:50:25,502 - INFO - Berhasil memuat sheet Hari
2025-06-30 18:50:25,523 - INFO - Berhasil memuat sheet ruangan
2025-06-30 18:50:25,542 - INFO - Berhasil memuat sheet availability
2025-06-30 18:50:25,584 - INFO - Berhasil memuat sheet Kelas
2025-06-30 18:50:25,616 - INFO - Berhasil memuat sheet matakuliah
2025-06-30 18:50:25,645 - INFO - Berhasil memuat sheet Dosen
2025-06-30 18:50:25,684 - INFO - Berhasil memuat sheet dosen_matakuliah
2025-06-30 18:50:25,718 - INFO - Berhasil memuat sheet Hari
2025-06-30 18:50:25,755 - INFO - Berhasil memuat sheet ruangan
2025-06-30 18:50:25,792 - INFO - Berhasil memuat sheet availability
2025-06-30 18:50:25,838 - INFO - Berhasil memuat sheet Kelas
2025-06-30 18:50:25,867 - INFO - Berhasil memuat sheet matakuliah
2025-06-30 18:50:25,898 - INFO - Berhasil memuat sheet Dosen
2025-06-30 18:50:25,926 - INFO - Berhasil memuat sheet dosen_matakuliah
2025-06-30 18:50:25,952 - INFO - Berhasil memuat sheet Hari
2025-06-30 18:50:25,974 - INFO - Berhasil memuat sheet ruangan
2025-06-30 18:50:25,995 - INFO - Berhasil memuat sheet availability
2025-06-30 18:50:26,156 - INFO - Berhasil memuat sheet Kelas
2025-06-30 18:50:26,184 - INFO - Berhasil memuat sheet matakuliah
2025-06-30 18:50:26,221 - INFO - Berhasil memuat sheet Dosen
2025-06-30 18:50:26,250 - INFO - Berhasil memuat sheet dosen_matakuliah
2025-06-30 18:50:26,270 - INFO - Berhasil memuat sheet Hari
2025-06-30 18:50:26,292 - INFO - Berhasil memuat sheet ruangan
2025-06-30 18:50:26,314 - INFO - Berhasil memuat sheet availability
2025-06-30 18:50:26,356 - INFO - Berhasil memuat sheet Kelas
2025-06-30 18:50:26,394 - INFO - Berhasil memuat sheet matakuliah
2025-06-30 18:50:26,423 - INFO - Berhasil memuat sheet Dosen
2025-06-30 18:50:26,462 - INFO - Berhasil memuat sheet dosen_matakuliah
2025-06-30 18:50:26,499 - INFO - Berhasil memuat sheet Hari
2025-06-30 18:50:26,537 - INFO - Berhasil memuat sheet ruangan
2025-06-30 18:50:26,567 - INFO - Berhasil memuat sheet availability
2025-06-30 18:50:26,596 - INFO - Berhasil memuat sheet Kelas
2025-06-30 18:50:26,632 - INFO - Berhasil memuat sheet matakuliah
2025-06-30 18:50:26,663 - INFO - Berhasil memuat sheet Dosen
2025-06-30 18:50:26,693 - INFO - Berhasil memuat sheet dosen_matakuliah
2025-06-30 18:50:26,717 - INFO - Berhasil memuat sheet Hari
2025-06-30 18:50:26,743 - INFO - Berhasil memuat sheet ruangan
2025-06-30 18:50:26,774 - INFO - Berhasil memuat sheet availability
2025-06-30 18:50:26,823 - INFO - Berhasil memuat sheet Kelas
2025-06-30 18:50:26,853 - INFO - Berhasil memuat sheet matakuliah
2025-06-30 18:50:26,877 - INFO - Berhasil memuat sheet Dosen
2025-06-30 18:50:26,902 - INFO - Berhasil memuat sheet dosen_matakuliah
2025-06-30 18:50:26,923 - INFO - Berhasil memuat sheet Hari
2025-06-30 18:50:26,945 - INFO - Berhasil memuat sheet ruangan
2025-06-30 18:50:26,973 - INFO - Berhasil memuat sheet availability
2025-06-30 18:50:27,015 - INFO - Berhasil memuat sheet Kelas
2025-06-30 18:50:27,060 - INFO - Berhasil memuat sheet matakuliah
2025-06-30 18:50:27,090 - INFO - Berhasil memuat sheet Dosen
2025-06-30 18:50:27,128 - INFO - Berhasil memuat sheet dosen_matakuliah
2025-06-30 18:50:27,158 - INFO - Berhasil memuat sheet Hari
2025-06-30 18:50:27,193 - INFO - Berhasil memuat sheet ruangan
2025-06-30 18:50:27,227 - INFO - Berhasil memuat sheet availability
2025-06-30 18:50:42,256 - ERROR - Gagal mengirim email: [Errno 11001] getaddrinfo failed
2025-06-30 18:50:42,304 - INFO - Berhasil memuat sheet Kelas
2025-06-30 18:50:42,334 - INFO - Berhasil memuat sheet matakuliah
2025-06-30 18:50:42,361 - INFO - Berhasil memuat sheet Dosen
2025-06-30 18:50:42,388 - INFO - Berhasil memuat sheet dosen_matakuliah
2025-06-30 18:50:42,414 - INFO - Berhasil memuat sheet Hari
2025-06-30 18:50:42,438 - INFO - Berhasil memuat sheet ruangan
2025-06-30 18:50:42,460 - INFO - Berhasil memuat sheet availability
2025-06-30 18:50:42,488 - INFO - Berhasil memuat sheet Kelas
2025-06-30 18:50:42,511 - INFO - Berhasil memuat sheet matakuliah
2025-06-30 18:50:42,532 - INFO - Berhasil memuat sheet Dosen
2025-06-30 18:50:42,555 - INFO - Berhasil memuat sheet dosen_matakuliah
2025-06-30 18:50:42,580 - INFO - Berhasil memuat sheet Hari
2025-06-30 18:50:42,600 - INFO - Berhasil memuat sheet ruangan
2025-06-30 18:50:42,628 - INFO - Berhasil memuat sheet availability
2025-06-30 18:50:42,658 - INFO - Berhasil memuat sheet Kelas
2025-06-30 18:50:42,688 - INFO - Berhasil memuat sheet matakuliah
2025-06-30 18:50:42,719 - INFO - Berhasil memuat sheet Dosen
2025-06-30 18:50:42,749 - INFO - Berhasil memuat sheet dosen_matakuliah
2025-06-30 18:50:42,778 - INFO - Berhasil memuat sheet Hari
2025-06-30 18:50:42,811 - INFO - Berhasil memuat sheet ruangan
2025-06-30 18:50:42,843 - INFO - Berhasil memuat sheet availability
2025-06-30 18:50:42,883 - INFO - Berhasil memuat sheet Kelas
2025-06-30 18:50:42,914 - INFO - Berhasil memuat sheet matakuliah
2025-06-30 18:50:42,935 - INFO - Berhasil memuat sheet Dosen
2025-06-30 18:50:42,958 - INFO - Berhasil memuat sheet dosen_matakuliah
2025-06-30 18:50:42,977 - INFO - Berhasil memuat sheet Hari
2025-06-30 18:50:42,997 - INFO - Berhasil memuat sheet ruangan
2025-06-30 18:50:43,011 - INFO - Berhasil memuat sheet availability
2025-06-30 18:50:43,046 - INFO - Berhasil memuat sheet Kelas
2025-06-30 18:50:43,084 - INFO - Berhasil memuat sheet matakuliah
2025-06-30 18:50:43,115 - INFO - Berhasil memuat sheet Dosen
2025-06-30 18:50:43,152 - INFO - Berhasil memuat sheet dosen_matakuliah
2025-06-30 18:50:43,182 - INFO - Berhasil memuat sheet Hari
2025-06-30 18:50:43,205 - INFO - Berhasil memuat sheet ruangan
2025-06-30 18:50:43,236 - INFO - Berhasil memuat sheet availability
2025-06-30 18:54:22,157 - INFO - Berhasil memuat sheet Kelas
2025-06-30 18:54:22,196 - INFO - Berhasil memuat sheet matakuliah
2025-06-30 18:54:22,228 - INFO - Berhasil memuat sheet Dosen
2025-06-30 18:54:22,267 - INFO - Berhasil memuat sheet dosen_matakuliah
2025-06-30 18:54:22,288 - INFO - Berhasil memuat sheet Hari
2025-06-30 18:54:22,312 - INFO - Berhasil memuat sheet ruangan
2025-06-30 18:54:22,335 - INFO - Berhasil memuat sheet availability
2025-06-30 18:54:22,382 - INFO - Berhasil memuat sheet Kelas
2025-06-30 18:54:22,425 - INFO - Berhasil memuat sheet matakuliah
2025-06-30 18:54:22,454 - INFO - Berhasil memuat sheet Dosen
2025-06-30 18:54:22,477 - INFO - Berhasil memuat sheet dosen_matakuliah
2025-06-30 18:54:22,499 - INFO - Berhasil memuat sheet Hari
2025-06-30 18:54:22,518 - INFO - Berhasil memuat sheet ruangan
2025-06-30 18:54:22,540 - INFO - Berhasil memuat sheet availability
2025-06-30 18:54:22,581 - INFO - Berhasil memuat sheet Kelas
2025-06-30 18:54:22,623 - INFO - Berhasil memuat sheet matakuliah
2025-06-30 18:54:22,659 - INFO - Berhasil memuat sheet Dosen
2025-06-30 18:54:22,705 - INFO - Berhasil memuat sheet dosen_matakuliah
2025-06-30 18:54:22,727 - INFO - Berhasil memuat sheet Hari
2025-06-30 18:54:22,751 - INFO - Berhasil memuat sheet ruangan
2025-06-30 18:54:22,781 - INFO - Berhasil memuat sheet availability
2025-06-30 18:54:22,820 - INFO - Berhasil memuat sheet Kelas
2025-06-30 18:54:22,852 - INFO - Berhasil memuat sheet matakuliah
2025-06-30 18:54:22,880 - INFO - Berhasil memuat sheet Dosen
2025-06-30 18:54:22,915 - INFO - Berhasil memuat sheet dosen_matakuliah
2025-06-30 18:54:22,936 - INFO - Berhasil memuat sheet Hari
2025-06-30 18:54:22,958 - INFO - Berhasil memuat sheet ruangan
2025-06-30 18:54:22,978 - INFO - Berhasil memuat sheet availability
2025-06-30 18:54:23,007 - INFO - Berhasil memuat sheet Kelas
2025-06-30 18:54:23,032 - INFO - Berhasil memuat sheet matakuliah
2025-06-30 18:54:23,058 - INFO - Berhasil memuat sheet Dosen
2025-06-30 18:54:23,084 - INFO - Berhasil memuat sheet dosen_matakuliah
2025-06-30 18:54:23,103 - INFO - Berhasil memuat sheet Hari
2025-06-30 18:54:23,130 - INFO - Berhasil memuat sheet ruangan
2025-06-30 18:54:23,170 - INFO - Berhasil memuat sheet availability
